[00:13:59] [main/INFO]: Loading Minecraft 1.20.1 with Fabric Loader 0.16.10
[00:14:00] [ForkJoinPool-1-worker-3/WARN]: The mod "openblocks" contains invalid entries in its mod json:
- Unsupported root entry "client" at line 24 column 11
[00:14:02] [ForkJoinPool-1-worker-3/WARN]: Mod tectonic uses the version 2.4.1b which isn't compatible with Loader's extended semantic version format (Could not parse version number component '1b'!), SemVer is recommended for reliably evaluating dependencies and prioritizing newer version
[00:14:03] [main/WARN]: Warnings were found!
 - Mod 'Dynamic Lights' (dynamiclights) 1.8.3+mod recommends any version of modmenu, which is missing!
	 - You should install any version of modmenu for the optimal experience.
 - Mod 'Dynamic Lights' (dynamiclights) 1.8.3+mod recommends any version of modmenu-badges-lib, which is missing!
	 - You should install any version of modmenu-badges-lib for the optimal experience.
[00:14:03] [main/INFO]: Loading 163 mods:
	- almanac 1.0.2
	- amendments 1.20-1.2.18
	   \-- mixinextras 0.4.1
	- appleskin 2.5.1+mc1.20
	   \-- cloth-config 11.0.99
	        \-- cloth-basic-math 0.6.1
	- architectury 9.2.14
	- artifacts 9.5.13
	   |-- expandability 9.0.4
	   \-- step-height-entity-attribute 1.2.0
	- balm-fabric 7.3.15
	   \-- kuma_api 20.1.9-SNAPSHOT
	- betterarcheology 1.2.1-1.20.1
	- bettervillage 3.2.0
	- biomesoplenty 19.0.0.94
	- bosses_of_mass_destruction 1.7.5-1.20.1
	   |-- maelstrom_library 1.6.1-1.20
	   \-- multipart_entities 1.5-1.20
	- brutalbosses 1.20.1-8.0
	- cardinal-components 5.2.3
	   |-- cardinal-components-base 5.2.3
	   |-- cardinal-components-block 5.2.3
	   |-- cardinal-components-chunk 5.2.3
	   |-- cardinal-components-entity 5.2.3
	   |-- cardinal-components-item 5.2.3
	   |-- cardinal-components-level 5.2.3
	   |-- cardinal-components-scoreboard 5.2.3
	   \-- cardinal-components-world 5.2.3
	- carryon 2.1.2.7
	- creeperoverhaul 3.0.2
	   \-- resourcefullib 2.1.20
	        |-- com_teamresourceful_bytecodecs 1.0.2
	        \-- com_teamresourceful_yabn 1.0.3
	- cupboard 1.20.1-2.7
	- dcintegration-fabric 3.0.7
	   |-- de_erdbeerbaerlp_dcintegration_common 3.0.7
	   |-- fabric-permissions-api-v0 0.2-SNAPSHOT
	   \-- placeholder-api 2.1.2+1.20.1
	- diagonalfences 8.1.5
	   \-- diagonalblocks 8.0.6
	- dynamiclights 1.8.3+mod
	- easyanvils 8.0.2
	- easymagic 8.0.1
	- endrem 5.2.4
	- fabric-api 0.92.3+1.20.1
	   |-- fabric-api-base 0.4.31+1802ada577
	   |-- fabric-api-lookup-api-v1 1.6.36+1802ada577
	   |-- fabric-biome-api-v1 13.0.13+1802ada577
	   |-- fabric-block-api-v1 1.0.11+1802ada577
	   |-- fabric-block-view-api-v2 1.0.1+1802ada577
	   |-- fabric-blockrenderlayer-v1 1.1.41+1802ada577
	   |-- fabric-client-tags-api-v1 1.1.2+1802ada577
	   |-- fabric-command-api-v1 1.2.34+f71b366f77
	   |-- fabric-command-api-v2 2.2.13+1802ada577
	   |-- fabric-commands-v0 0.2.51+df3654b377
	   |-- fabric-containers-v0 0.1.65+df3654b377
	   |-- fabric-content-registries-v0 4.0.12+1802ada577
	   |-- fabric-convention-tags-v1 1.5.5+1802ada577
	   |-- fabric-crash-report-info-v1 0.2.19+1802ada577
	   |-- fabric-data-attachment-api-v1 1.0.1+de0fd6d177
	   |-- fabric-data-generation-api-v1 12.3.5+1802ada577
	   |-- fabric-dimensions-v1 2.1.54+1802ada577
	   |-- fabric-entity-events-v1 1.6.0+1c78457f77
	   |-- fabric-events-interaction-v0 0.6.3+13a40c6677
	   |-- fabric-events-lifecycle-v0 0.2.63+df3654b377
	   |-- fabric-game-rule-api-v1 1.0.40+1802ada577
	   |-- fabric-item-api-v1 2.1.28+1802ada577
	   |-- fabric-item-group-api-v1 4.0.13+1802ada577
	   |-- fabric-key-binding-api-v1 1.0.37+1802ada577
	   |-- fabric-keybindings-v0 0.2.35+df3654b377
	   |-- fabric-lifecycle-events-v1 2.2.22+1802ada577
	   |-- fabric-loot-api-v2 1.2.2+1802ada577
	   |-- fabric-loot-tables-v1 1.1.46+9e7660c677
	   |-- fabric-message-api-v1 5.1.9+1802ada577
	   |-- fabric-mining-level-api-v1 2.1.51+1802ada577
	   |-- fabric-model-loading-api-v1 1.0.3+1802ada577
	   |-- fabric-models-v0 0.4.2+9386d8a777
	   |-- fabric-networking-api-v1 1.3.12+13a40c6677
	   |-- fabric-networking-v0 0.3.52+df3654b377
	   |-- fabric-object-builder-api-v1 11.1.4+1802ada577
	   |-- fabric-particles-v1 1.1.2+1802ada577
	   |-- fabric-recipe-api-v1 1.0.22+1802ada577
	   |-- fabric-registry-sync-v0 2.3.4+1802ada577
	   |-- fabric-renderer-api-v1 3.2.1+1802ada577
	   |-- fabric-renderer-indigo 1.5.2+85287f9f77
	   |-- fabric-renderer-registries-v1 3.2.46+df3654b377
	   |-- fabric-rendering-data-attachment-v1 0.3.37+92a0d36777
	   |-- fabric-rendering-fluids-v1 3.0.28+1802ada577
	   |-- fabric-rendering-v0 1.1.49+df3654b377
	   |-- fabric-rendering-v1 3.0.8+1802ada577
	   |-- fabric-resource-conditions-api-v1 2.3.8+1802ada577
	   |-- fabric-resource-loader-v0 0.11.11+fb82e9d777
	   |-- fabric-screen-api-v1 2.0.8+1802ada577
	   |-- fabric-screen-handler-api-v1 1.3.31+1802ada577
	   |-- fabric-sound-api-v1 1.0.13+1802ada577
	   |-- fabric-transfer-api-v1 3.3.5+8dd72ea377
	   \-- fabric-transitive-access-wideners-v1 4.3.1+1802ada577
	- fabric-language-kotlin 1.13.1+kotlin.2.1.10
	   |-- org_jetbrains_kotlin_kotlin-reflect 2.1.10
	   |-- org_jetbrains_kotlin_kotlin-stdlib 2.1.10
	   |-- org_jetbrains_kotlin_kotlin-stdlib-jdk7 2.1.10
	   |-- org_jetbrains_kotlin_kotlin-stdlib-jdk8 2.1.10
	   |-- org_jetbrains_kotlinx_atomicfu-jvm 0.27.0
	   |-- org_jetbrains_kotlinx_kotlinx-coroutines-core-jvm 1.10.1
	   |-- org_jetbrains_kotlinx_kotlinx-coroutines-jdk8 1.10.1
	   |-- org_jetbrains_kotlinx_kotlinx-datetime-jvm 0.6.1
	   |-- org_jetbrains_kotlinx_kotlinx-io-bytestring-jvm 0.6.0
	   |-- org_jetbrains_kotlinx_kotlinx-io-core-jvm 0.6.0
	   |-- org_jetbrains_kotlinx_kotlinx-serialization-cbor-jvm 1.8.0
	   |-- org_jetbrains_kotlinx_kotlinx-serialization-core-jvm 1.8.0
	   \-- org_jetbrains_kotlinx_kotlinx-serialization-json-jvm 1.8.0
	- fabricloader 0.16.10
	   \-- mixinextras 0.4.1
	- ferritecore 6.0.1
	- forgeconfigapiport 8.0.1
	- fusion 1.2.4
	- geckolib 4.7
	   \-- com_eliotlash_mclib_mclib 20
	- glitchcore 0.0.1.1
	   |-- com_electronwill_night-config_core 3.6.7
	   |-- com_electronwill_night-config_toml 3.6.7
	   \-- net_jodah_typetools 0.6.3
	- graveyard 3.0
	- incendium 5.3.5
	- inventorymanagement 1.3.1
	- ironchests 5.0.2
	- jade 11.12.3+fabric
	- java 17
	- jei 15.20.0.106
	- journeymap 5.10.3
	   \-- journeymap-api-fabric 1.20-1.9-fabric-SNAPSHOT
	- lazydfu 0.1.3
	- letmedespawn 1.4.4
	- libraryferret 4.0.0
	- mavapi 1.1.4
	- mavm 1.2.6
	- mcwdoors 1.1.2
	- mcwfurnitures 3.3.0
	- mcwwindows 2.3.0
	- memoryleakfix 1.1.5
	- mes 1.3.4-1.20-fabric
	- midnightlib 1.4.1
	- minecraft 1.20.1
	- mns 1.0.1-1.20-fabric
	- modernfix 5.20.2+mc1.20.1
	- moonlight 1.20-2.13.63
	- moremobvariants 1.3.1
	- mss 1.2.7-1.20-fabric
	- mvs 4.1.2-1.20-fabric
	- naturalist 4.0.3
	- nerb 0.4.1
	- notenoughanimations 1.9.2
	- octolib 0.4.2
	   \-- org_yaml_snakeyaml 2.2
	- openblocks 0.0.3-1.20.1
	- puzzleslib 8.1.25
	   \-- puzzlesaccessapi 8.0.7
	- rechiseled 1.1.6
	- repurposed_structures 7.1.15+1.20.1-fabric
	- resourcefulconfig 2.1.2
	- starlight 1.1.2+fabric.dbc156f
	- supermartijn642configlib 1.1.8+a
	- supermartijn642corelib 1.1.18+a
	- supplementaries 1.20-3.1.12
	   \-- mixinsquared 0.1.1
	- takesapillage 1.0.5
	- tectonic 2.4.1b
	- terrablender 3.0.1.7
	   |-- com_electronwill_night-config_core 3.6.7
	   \-- com_electronwill_night-config_toml 3.6.7
	- terralith 2.5.4
	- travelersbackpack 9.1.18
	   \-- reach-entity-attributes 2.4.0
	- treechop 0.19.0
	- trinkets 3.7.2
	- waystones 14.1.9
	- yungsapi 1.20-Fabric-4.0.6
	   |-- org_javassist_javassist 3.29.2-GA
	   \-- org_reflections_reflections 0.10.2
[00:14:05] [main/INFO]: SpongePowered MIXIN Subsystem Version=0.8.7 Source=file:/workspaces/servidor-minecraft/servidor_minecraft/libraries/net/fabricmc/sponge-mixin/0.15.4+mixin.0.8.7/sponge-mixin-0.15.4+mixin.0.8.7.jar Service=Knot/Fabric Env=SERVER
[00:14:05] [main/INFO]: Compatibility level set to JAVA_17
[00:14:05] [main/WARN]: Reference map 'graveyard-FABRIC-fabric-refmap.json' for graveyard-fabric.mixins.json could not be read. If this is a development environment you can ignore this message
[00:14:05] [main/WARN]: Reference map 'memoryleakfix-fabric-1.17+-fabric-refmap.json' for memoryleakfix-fabric.mixins.json could not be read. If this is a development environment you can ignore this message
[00:14:06] [main/INFO]: Loaded configuration file for ModernFix 5.20.2+mc1.20.1: 64 options available, 0 override(s) found
[00:14:06] [main/INFO]: Applying Nashorn fix
[00:14:06] [main/WARN]: Reference map 'OctoLib-COMMON-common-refmap.json' for octolib.mixins.json could not be read. If this is a development environment you can ignore this message
[00:14:06] [main/WARN]: Reference map 'rechiseled.mixins.refmap.json' for rechiseled.mixins.json could not be read. If this is a development environment you can ignore this message
[00:14:06] [main/WARN]: Reference map 'supermartijn642configlib.mixins.refmap.json' for supermartijn642configlib.mixins.json could not be read. If this is a development environment you can ignore this message
[00:14:06] [main/WARN]: Error loading class: eu/pb4/styledchat/StyledChatUtils (java.lang.ClassNotFoundException: eu/pb4/styledchat/StyledChatUtils)
[00:14:07] [main/WARN]: Error loading class: vectorwing/farmersdelight/common/block/TomatoVineBlock (java.lang.ClassNotFoundException: vectorwing/farmersdelight/common/block/TomatoVineBlock)
[00:14:07] [main/WARN]: Error loading class: me/jellysquid/mods/sodium/client/render/chunk/compile/pipeline/FluidRenderer (java.lang.ClassNotFoundException: me/jellysquid/mods/sodium/client/render/chunk/compile/pipeline/FluidRenderer)
[00:14:07] [main/WARN]: Error loading class: io/wispforest/accessories/impl/AccessoriesEventHandler (java.lang.ClassNotFoundException: io/wispforest/accessories/impl/AccessoriesEventHandler)
[00:14:07] [main/WARN]: @Mixin target io.wispforest.accessories.impl.AccessoriesEventHandler was not found travelersbackpack.mixins.json:AccessoriesEventHandlerMixin from mod travelersbackpack
[00:14:07] [main/INFO]: [MemoryLeakFix] Will be applying 1 memory leak fixes!
[00:14:07] [main/INFO]: [MemoryLeakFix] Currently enabled memory leak fixes: [biomeTemperatureLeak]
[00:14:07] [main/WARN]: Error loading class: net/fabricmc/fabric/api/client/rendering/v1/EntityModelLayerRegistry$TexturedModelDataProvider (java.lang.ClassNotFoundException: net/fabricmc/fabric/api/client/rendering/v1/EntityModelLayerRegistry$TexturedModelDataProvider)
[00:14:07] [main/INFO]: Initializing MixinExtras via com.llamalad7.mixinextras.service.MixinExtrasServiceImpl(version=0.4.1).
[00:14:10] [main/INFO]: Injecting BlockStateBase cache population hook into getOpacityIfCached from ca.spottedleaf.starlight.mixin.common.blockstate.BlockStateBaseMixin
[00:14:10] [main/INFO]: Injecting BlockStateBase cache population hook into isConditionallyFullOpaque from ca.spottedleaf.starlight.mixin.common.blockstate.BlockStateBaseMixin
[00:14:14] [main/INFO]: Vanilla bootstrap took 5712 milliseconds
[00:14:14] [main/INFO]: Loaded config for: cupboard.json
[00:14:15] [main/INFO]: Loaded config amendments-common.json
[00:14:15] [main/INFO]: Registering C2S receiver with id artifacts:networking_channel/42a7ad70b1cc371599a0eff744096b8a
[00:14:15] [main/INFO]: Registering C2S receiver with id artifacts:networking_channel/74a5e841822a3a87854ae896a33430d6
[00:14:15] [main/INFO]: Registering C2S receiver with id artifacts:networking_channel/eb3d1e2748533430848cadf0f37c7e9c
[00:14:15] [main/INFO]: Registering C2S receiver with id artifacts:networking_channel/91c8520f19f93b3e8b6a727568e194ab
[00:14:15] [main/INFO]: Registering C2S receiver with id artifacts:networking_channel/8c2784d778293fd482ed84b8aa5fedb9
[00:14:15] [main/INFO]: Registering C2S receiver with id artifacts:networking_channel/ea038224ea783d40b2863f52239e2604
[00:14:15] [main/INFO]: Registering C2S receiver with id artifacts:networking_channel/97ad64b7ecaf33209991c4f031501a58
[00:14:15] [main/INFO]: Better Archeology says Hello
[00:14:15] [main/INFO]: Registering Items from betterarcheology
[00:14:15] [main/INFO]: Registering Blocks from betterarcheology
[00:14:15] [main/INFO]: ModEntityTypes of betterarcheology registered.
[00:14:15] [main/INFO]: Registering JEI Recipe Serializers for betterarcheology
[00:14:15] [main/INFO]: Registering Enchantments for betterarcheology
[00:14:15] [main/INFO]: Brutal bosses initialized
[00:14:16] [main/INFO]: Constructing common components for diagonalblocks:main
[00:14:16] [main/INFO]: Constructing common components for diagonalfences:main
[00:14:16] [main/INFO]: Constructing shapes for DiagonalFenceBlock[NodeWidth=2.0,ExtensionWidth=2.0,NodeTop=24.0,ExtensionBottom=0.0,ExtensionTop=24.0] took 102ms
[00:14:16] [main/INFO]: Constructing shapes for DiagonalFenceBlock[NodeWidth=2.0,ExtensionWidth=2.0,NodeTop=16.0,ExtensionBottom=0.0,ExtensionTop=16.0] took 100ms
[00:14:16] [main/INFO]: Constructing shapes for DiagonalFenceBlock[NodeWidth=2.0,ExtensionWidth=1.0,NodeTop=16.0,ExtensionBottom=6.0,ExtensionTop=15.0] took 172ms
[00:14:16] [main/INFO]: [Dynamic Lights] MidnightLib detected!
[00:14:16] [main/INFO]: [Dynamic Lights] Registering server started event...
[00:14:16] [main/INFO]: [Dynamic Lights] Loaded Dynamic Lights by Tschipcraft successfully!
[00:14:16] [main/INFO]: Constructing common components for easyanvils:main
[00:14:16] [main/INFO]: Constructing common components for easymagic:main
[00:14:16] [main/INFO]: ExpandAbility here, who dis?
[00:14:17] [main/INFO]: Bypassed Mojang DFU
[00:14:17] [main/INFO]: Instantiating Mojang DFU
[00:14:17] [main/ERROR]: No data fixer registered for anomaly
[00:14:18] [main/INFO]: Registered JSON trade offer adapter.
[00:14:18] [main/INFO]: Initializing ServerSide Packet Registries
[00:14:18] [main/INFO]: Initialize mod Library Ferret
[00:14:18] [main/INFO]: Initialized mod Library Ferret
[00:14:18] [main/INFO]: Giving mobs a fresh coat of paint...
[00:14:18] [main/INFO]: [STDOUT]: All 1 have been set properly
[00:14:18] [main/INFO]: Constructing common components for puzzleslib:main
[00:14:19] [main/INFO]: Loaded config supplementaries-common.json
[00:14:20] [main/INFO]: Registered region minecraft:overworld to index 0 for type OVERWORLD
[00:14:20] [main/INFO]: Registered region minecraft:nether to index 0 for type NETHER
[00:14:20] [main/INFO]: Registered region biomesoplenty:overworld_primary to index 1 for type OVERWORLD
[00:14:20] [main/INFO]: Registered region biomesoplenty:overworld_secondary to index 2 for type OVERWORLD
[00:14:20] [main/INFO]: Registered region biomesoplenty:overworld_rare to index 3 for type OVERWORLD
[00:14:20] [main/INFO]: Registered region biomesoplenty:nether_common to index 1 for type NETHER
[00:14:20] [main/INFO]: Registered region biomesoplenty:nether_rare to index 2 for type NETHER
[00:14:20] [main/INFO]: Registered the FluidEffect with Unique ID of minecraft:water for minecraft:water 81000 with the ID 0
[00:14:20] [main/INFO]: Registered the FluidEffect with Unique ID of minecraft:lava for minecraft:lava 81000 with the ID 1
[00:14:20] [main/INFO]: Registered the FluidEffect with Unique ID of travelersbackpack:potion for travelersbackpack:potion_still 27000 with the ID 2
[00:14:20] [main/INFO]: Registered the FluidEffect with Unique ID of travelersbackpack:milk for travelersbackpack:milk_still 81000 with the ID 3
[00:14:20] [main/INFO]: Reflections took 135 ms to scan 1 urls, producing 1 keys and 4 values
[00:14:20] [main/INFO]: Reflections took 7 ms to scan 1 urls, producing 1 keys and 4 values
[00:14:21] [main/INFO]: Initialized block sets in 31ms
[00:14:21] [main/INFO]: Loaded config moonlight-common.json
[00:14:21] [main/INFO]: Initialized color sets in 68ms
[00:14:21] [main/INFO]: Finished mod setup in: [0, 1, 0, 1, 0, 0, 23, 5, 1] ms
[00:14:21] [main/INFO]: Environment: authHost='https://authserver.mojang.com', accountsHost='https://api.mojang.com', sessionHost='https://sessionserver.mojang.com', servicesHost='https://api.minecraftservices.com', name='PROD'
[00:14:22] [main/INFO]: Generated runtime SERVER_DATA for pack Supplementaries Generated Pack (supplementaries) in: 84 ms
[00:14:25] [main/INFO]: [fabric-registry-sync] Loaded registry data [file 1/4]
[00:14:26] [Worker-Main-3/ERROR]: Couldn't load tag supplementaries:lunch_basket_blacklist as it is missing following references: potionbundles:potion_bundle (from fabric)
[00:14:28] [main/INFO]: Loaded 10 recipes
[00:14:28] [main/ERROR]: Parsing error loading custom advancement supplementaries:recipes/planter_rich: Unknown item id 'farmersdelight:rich_soil'
[00:14:28] [main/INFO]: Loaded 2176 advancements
[00:14:28] [main/INFO]: Loaded boss variant for: minecraft:drowned
[00:14:28] [main/INFO]: Loaded boss variant for: minecraft:iron_golem
[00:14:28] [main/INFO]: Loaded boss variant for: minecraft:snow_golem
[00:14:28] [main/INFO]: Loaded boss variant for: minecraft:zombie
[00:14:28] [main/INFO]: Loaded boss variant for: minecraft:skeleton
[00:14:28] [main/INFO]: Loaded boss variant for: minecraft:pillager
[00:14:28] [main/INFO]: Loaded boss variant for: minecraft:vex
[00:14:28] [main/INFO]: Loaded boss variant for: minecraft:evoker
[00:14:28] [main/INFO]: Loaded boss variant for: minecraft:zombie
[00:14:28] [main/INFO]: Loaded boss variant for: minecraft:vindicator
[00:14:28] [main/INFO]: Loaded boss variant for: minecraft:wither_skeleton
[00:14:28] [main/INFO]: Loaded boss variant for: minecraft:wither_skeleton
[00:14:28] [main/INFO]: Loaded boss variant for: minecraft:cave_spider
[00:14:28] [main/INFO]: Loaded boss variant for: minecraft:zombie
[00:14:28] [main/INFO]: Loaded boss variant for: minecraft:husk
[00:14:28] [main/INFO]: Loaded boss variant for: minecraft:evoker
[00:14:28] [main/INFO]: Loaded boss variant for: minecraft:wandering_trader
[00:14:28] [main/INFO]: Loaded boss variant for: minecraft:guardian
[00:14:28] [main/INFO]: Loaded boss variant for: minecraft:vindicator
[00:14:28] [main/INFO]: Loaded boss variant for: minecraft:shulker
[00:14:28] [main/INFO]: Loaded boss variant for: minecraft:zoglin
[00:14:28] [main/INFO]: Loaded boss variant for: minecraft:chicken
[00:14:28] [main/INFO]: Loaded boss variant for: minecraft:blaze
[00:14:28] [main/INFO]: Loaded boss variant for: minecraft:witch
[00:14:28] [main/INFO]: Loaded boss variant for: minecraft:phantom
[00:14:28] [main/INFO]: Loaded boss variant for: minecraft:mooshroom
[00:14:28] [main/INFO]: Loaded boss variant for: minecraft:rabbit
[00:14:28] [main/INFO]: Loaded boss variant for: minecraft:piglin_brute
[00:14:28] [main/INFO]: Loaded boss variant for: minecraft:ghast
[00:14:28] [main/INFO]: Loaded boss variant for: minecraft:stray
[00:14:28] [main/INFO]: Reloading config...
[00:14:28] [main/INFO]: Loaded 44 chiseling recipes
[00:14:28] [main/INFO]: Loaded 27 flute songs
[00:14:28] [main/INFO]: Applied 7 data villager trades
[00:14:29] [main/INFO]: Finished additional setup in 0 ms
[00:14:30] [main/INFO]: Initialized TerraBlender biomes for level stem minecraft:overworld
[00:14:30] [main/INFO]: Initialized TerraBlender biomes for level stem minecraft:the_nether
[00:14:30] [main/INFO]: Applied 3505 biome modifications to 241 of 241 new biomes in 88.93 ms
[00:14:30] [Server thread/INFO]: Loading server config for easyanvils
[00:14:30] [Thread-5/INFO]: Reloading server config for easyanvils
[00:14:30] [Thread-5/INFO]: Reloading server config for easyanvils
[00:14:30] [Server thread/INFO]: Loading server config for easymagic
[00:14:30] [Thread-5/INFO]: Reloading server config for easymagic
[00:14:30] [Thread-5/INFO]: Reloading server config for easymagic
[00:14:31] [Server thread/INFO]: Waiting for JDA to initialize to send starting message... (max 5 seconds before skipping)
[00:14:32] [DiscordIntegration Launch Thread/INFO]: Login Successful!
[00:14:32] [JDA MainWS-ReadThread/INFO]: Connected to WebSocket
[00:14:33] [JDA MainWS-ReadThread/INFO]: Finished Loading!
[00:14:33] [DiscordIntegration Launch Thread/INFO]: Bot ready
[00:14:33] [DiscordIntegration Launch Thread/INFO]: Loading DiscordIntegration Addons...
[00:14:33] [DiscordIntegration Launch Thread/INFO]: Addon loading complete!
[00:14:33] [DiscordIntegration Launch Thread/INFO]: Loading Linking Database...
[00:14:33] [DiscordIntegration Launch Thread/INFO]: Linking Database initialized!
[00:14:33] [DiscordIntegration Launch Thread/INFO]: LinkManager load | cache: []
[00:14:35] [Server thread/INFO]: Finished registering! Registered 8 commands
[00:14:35] [Server thread/INFO]: Starting minecraft server version 1.20.1
[00:14:35] [Server thread/INFO]: Loading properties
[00:14:35] [Server thread/INFO]: Default game type: SURVIVAL
[00:14:35] [Server thread/INFO]: Generating keypair
[00:14:35] [Server thread/INFO]: Starting Minecraft server on *:25565
[00:14:35] [Server thread/INFO]: Using epoll channel type
[00:14:35] [Server thread/WARN]: **** SERVER IS RUNNING IN OFFLINE/INSECURE MODE!
[00:14:35] [Server thread/WARN]: The server will make no attempt to authenticate usernames. Beware.
[00:14:35] [Server thread/WARN]: While this makes the game possible to play without internet access, it also opens up the ability for hackers to connect with any username they choose.
[00:14:35] [Server thread/WARN]: To change this, set "online-mode" to "true" in the server.properties file.
[00:14:35] [Server thread/INFO]: Preparing level "world"
[00:14:36] [Server thread/INFO]: Preparing start region for dimension minecraft:overworld
[00:14:38] [Server thread/INFO]: Preparing spawn area: 0%
[00:14:38] [Server thread/INFO]: Preparing spawn area: 0%
[00:14:38] [Server thread/INFO]: Preparing spawn area: 0%
[00:14:38] [Server thread/INFO]: Preparing spawn area: 0%
[00:14:38] [Server thread/INFO]: Preparing spawn area: 0%
[00:14:38] [Server thread/INFO]: Loaded config for: brutalbosses.json
[00:14:38] [Server thread/INFO]: Preparing spawn area: 37%
[00:14:39] [Server thread/INFO]: Time elapsed: 3001 ms
[00:14:39] [Server thread/INFO]: Done (3.666s)! For help, type "help"
[00:14:39] [Server thread/WARN]: Dedicated server took 44.897 seconds to load
[00:14:39] [Server thread/INFO]: [Dynamic Lights] Sending global config to server...
[00:14:39] [Server thread/INFO]: [STDOUT]: PREPARING FOR RELOAD
[00:14:39] [Server thread/INFO]: Start loading plugin from Jade
[00:14:39] [Server thread/INFO]: Start loading plugin from Jade
[00:14:39] [Server thread/INFO]: Start loading plugin from Jade
[00:14:39] [Server thread/INFO]: Start loading plugin from Supplementaries
[00:14:39] [Server thread/INFO]: Start loading plugin from HT's TreeChop
[00:14:39] [Server thread/INFO]: Start loading plugin from Waystones
[00:14:39] [Server thread/INFO]: Started
[00:14:39] [DiscordIntegration-Core WorkerThread/INFO]: No need to regenerate local commands
[00:14:39] [DiscordIntegration-Core WorkerThread/INFO]: No need to regenerate global commands
[00:14:39] [DiscordIntegration-Core WorkerThread/INFO]: Added command list with ID 1272312338409586750
[00:14:39] [DiscordIntegration-Core WorkerThread/INFO]: Added command uptime with ID 1272312338409586752
[00:14:39] [DiscordIntegration-Core WorkerThread/INFO]: Added command settings with ID 1272312338409586753
[00:14:39] [DiscordIntegration-Core WorkerThread/INFO]: Added command linkcheck with ID 1272312338409586754
[00:14:39] [DiscordIntegration-Core WorkerThread/INFO]: Added command link with ID 1272312338409586755
[00:14:39] [DiscordIntegration-Core WorkerThread/INFO]: Added command kick with ID 1272312338409586756
[00:14:39] [DiscordIntegration-Core WorkerThread/INFO]: Added command stop with ID 1272312338409586757
[00:14:39] [DiscordIntegration-Core WorkerThread/INFO]: Added command kill with ID 1272312338409586759
[00:14:41] [Server thread/WARN]: Can't keep up! Is the server overloaded? Running 2025ms or 40 ticks behind
[00:14:55] [Server thread/INFO]: Stopping the server
[00:14:55] [Server thread/INFO]: Stopping server
[00:14:55] [Server thread/INFO]: Saving players
[00:14:55] [Server thread/INFO]: Saving worlds
[00:14:55] [Server thread/INFO]: Saving chunks for level 'ServerLevel[world]'/minecraft:overworld
[00:14:55] [Server thread/INFO]: Saving chunks for level 'ServerLevel[world]'/graveyard:past
[00:14:55] [Server thread/INFO]: Saving chunks for level 'ServerLevel[world]'/minecraft:the_nether
[00:14:55] [Server thread/INFO]: Saving chunks for level 'ServerLevel[world]'/minecraft:the_end
[00:14:56] [Server thread/INFO]: ThreadedAnvilChunkStorage (world): All chunks are saved
[00:14:56] [Server thread/INFO]: ThreadedAnvilChunkStorage (past): All chunks are saved
[00:14:56] [Server thread/INFO]: ThreadedAnvilChunkStorage (DIM-1): All chunks are saved
[00:14:56] [Server thread/INFO]: ThreadedAnvilChunkStorage (DIM1): All chunks are saved
[00:14:56] [Server thread/INFO]: ThreadedAnvilChunkStorage: All dimensions are saved
[00:14:56] [Server thread/INFO]: Unloading addons...
[00:14:56] [Server thread/INFO]: Unloaded addons
[00:14:56] [Server thread/INFO]: Unloading instance: net.dv8tion.jda.internal.JDAImpl@60c3c741
[00:14:56] [Server thread/INFO]: Unloading listener: de.erdbeerbaerlp.dcintegration.common.DiscordEventListener@6946b4a6
[00:14:56] [Server thread/INFO]: Waiting for JDA to shut-down...
[00:14:56] [Server thread/INFO]: JDA shut-down gracefully
